admin@iut.fr de ::1 à Friday 19th of May 2023 03:04:20 PM
admin@iut.fr de ::1 à Friday 19th of May 2023 03:05:41 PM
admin@iut.fr de ::1 à Friday 19th of May 2023 03:05:44 PM
admin@iut.fr de ::1 à Friday 19th of May 2023 03:05:44 PM
admin@iut.fr de ::1 à Friday 19th of May 2023 03:05:45 PM
admin@iut.fr de ::1 à Friday 19th of May 2023 03:05:45 PM
admin@iut.fr de ::1 à Friday 19th of May 2023 03:05:46 PM
admin@iut.fr de ::1 à Friday 19th of May 2023 03:05:46 PM
admin@iut.fr de ::1 à Friday 19th of May 2023 03:05:54 PM
admin@iut.fr de ::1 à Friday 19th of May 2023 03:06:04 PM
admin@iut.fr de ::1 à Friday 19th of May 2023 03:06:07 PM
admin@iut.fr de ::1 à Friday 19th of May 2023 03:06:07 PM
admin@iut.fr de ::1 à Friday 19th of May 2023 03:06:09 PM
admin@iut.fr de ::1 à Friday 19th of May 2023 03:06:09 PM
admin@iut.fr de ::1 à Friday 19th of May 2023 03:06:11 PM
admin@iut.fr de ::1 à Friday 19th of May 2023 03:06:11 PM
admin@iut.fr de ::1 à Friday 19th of May 2023 03:06:12 PM
admin@iut.fr de ::1 à Friday 19th of May 2023 03:06:15 PM
admin@iut.fr de ::1 à Friday 19th of May 2023 03:06:15 PM
admin@iut.fr de ::1 à Friday 19th of May 2023 03:06:15 PM
admin@iut.fr de ::1 à Friday 19th of May 2023 03:06:16 PM
admin@iut.fr de ::1 à Friday 19th of May 2023 03:06:16 PM
admin@iut.fr de ::1 à Friday 19th of May 2023 03:06:16 PM
admin@iut.fr de ::1 à Friday 19th of May 2023 03:06:16 PM
admin@iut.fr de ::1 à Friday 19th of May 2023 03:06:16 PM
admin@iut.fr de ::1 à Friday 19th of May 2023 03:06:17 PM
admin@iut.fr de ::1 à Friday 19th of May 2023 03:06:17 PM
admin@iut.fr de ::1 à Friday 19th of May 2023 03:06:17 PM
admin@iut.fr de ::1 à Friday 19th of May 2023 03:06:17 PM
admin@iut.fr de ::1 à Friday 19th of May 2023 03:06:17 PM
admin@iut.fr de ::1 à Friday 19th of May 2023 03:06:17 PM
admin@iut.fr de ::1 à Friday 19th of May 2023 03:06:18 PM
admin@iut.fr de ::1 à Friday 19th of May 2023 03:06:18 PM
admin@iut.fr de ::1 à Friday 19th of May 2023 03:06:18 PM
admin@iut.fr de ::1 à Friday 19th of May 2023 03:06:18 PM
admin@iut.fr de ::1 à Friday 19th of May 2023 03:06:18 PM
admin@iut.fr de ::1 à Friday 19th of May 2023 03:06:18 PM
admin@iut.fr de ::1 à Friday 19th of May 2023 03:06:24 PM
admin@iut.fr de ::1 à Friday 19th of May 2023 03:06:26 PM
etu1@iut.fr de ::1 à Friday 19th of May 2023 03:07:45 PM
etu1@iut.fr de ::1 à Friday 19th of May 2023 03:07:48 PM
etu1@iut.fr de ::1 à Friday 19th of May 2023 03:07:50 PM
etu1@iut.fr de ::1 à Friday 19th of May 2023 03:08:06 PM
etu1@iut.fr de ::1 à Friday 19th of May 2023 03:08:08 PM
etu1@iut.fr de ::1 à Friday 19th of May 2023 03:08:09 PM
etu1@iut.fr de ::1 à Friday 19th of May 2023 03:08:11 PM
etu1@iut.fr de ::1 à Friday 19th of May 2023 03:08:13 PM
etu1@iut.fr de ::1 à Friday 19th of May 2023 03:08:13 PM
etu1@iut.fr de ::1 à Friday 19th of May 2023 03:08:14 PM
etu1@iut.fr de ::1 à Friday 19th of May 2023 03:08:14 PM
etu1@iut.fr de ::1 à Friday 19th of May 2023 03:08:16 PM
etu1@iut.fr de ::1 à Friday 19th of May 2023 03:08:25 PM
etu1@iut.fr de ::1 à Friday 19th of May 2023 03:08:28 PM
admin@iut.fr de ::1 à Friday 19th of May 2023 03:08:37 PM
admin@iut.fr de ::1 à Friday 19th of May 2023 03:08:55 PM
admin@iut.fr de ::1 à Friday 19th of May 2023 03:08:55 PM
admin@iut.fr de ::1 à Friday 19th of May 2023 03:08:55 PM
admin@iut.fr de ::1 à Friday 19th of May 2023 03:08:55 PM
admin@iut.fr de ::1 à Friday 19th of May 2023 03:08:57 PM
admin@iut.fr de ::1 à Friday 19th of May 2023 03:09:14 PM
admin@iut.fr de ::1 à Friday 19th of May 2023 03:09:22 PM
admin@iut.fr de ::1 à Tuesday 23rd of May 2023 10:24:41 AM
admin@iut.fr de ::1 à Tuesday 23rd of May 2023 10:24:51 AM
admin@iut.fr de ::1 à Tuesday 23rd of May 2023 10:25:24 AM
admin@iut.fr de ::1 à Tuesday 23rd of May 2023 10:32:08 AM
admin@iut.fr de ::1 à Tuesday 23rd of May 2023 10:47:44 AM
admin@iut.fr de ::1 à Tuesday 23rd of May 2023 10:56:32 AM
admin@iut.fr de ::1 à Tuesday 23rd of May 2023 11:00:13 AM
prof1@iut.fr de ::1 à Tuesday 23rd of May 2023 11:33:32 AM
etu1@iut.fr de ::1 à Tuesday 23rd of May 2023 11:35:41 AM
prof1@iut.fr de ::1 à Tuesday 23rd of May 2023 11:35:53 AM
admin@iut.fr de ::1 à Tuesday 23rd of May 2023 11:36:03 AM
admin@iut.fr de ::1 à Tuesday 23rd of May 2023 12:39:31 PM
etu1@iut.fr de ::1 à Tuesday 23rd of May 2023 12:51:49 PM
admin@iut.fr de ::1 à Tuesday 23rd of May 2023 09:22:17 PM
admin@iut.fr de ::1 à Tuesday 23rd of May 2023 09:24:16 PM
prof1@iut.fr de ::1 à Tuesday 23rd of May 2023 09:25:04 PM
etu1@iut.fr de ::1 à Tuesday 23rd of May 2023 09:25:26 PM
admin@iut.fr de ::1 à Thursday 25th of May 2023 06:06:58 PM
admin@iut.fr de ::1 à Thursday 25th of May 2023 06:07:58 PM
etu3@iut.fr de ::1 à Thursday 25th of May 2023 06:19:23 PM
etu1@iut.fr de ::1 à Thursday 25th of May 2023 06:22:02 PM
etu1@iut.fr de ::1 à Thursday 25th of May 2023 06:22:12 PM
prof1@iut.fr de ::1 à Thursday 25th of May 2023 07:05:04 PM
admin@iut.fr de ::1 à Thursday 25th of May 2023 07:15:37 PM
etu1@iut.fr de ::1 à Friday 26th of May 2023 09:58:55 AM
prof1@iut.fr de ::1 à Friday 26th of May 2023 09:59:11 AM
admin@iut.fr de ::1 à Friday 26th of May 2023 09:59:26 AM
etu1@iut.fr de ::1 à Friday 26th of May 2023 09:59:54 AM
admin@iut.fr de ::1 à Friday 26th of May 2023 12:49:19 PM
etu1@iut.fr de ::1 à Friday 26th of May 2023 12:50:48 PM
admin@iut.fr de ::1 à Friday 26th of May 2023 12:51:35 PM
etu1@iut.fr de ::1 à Friday 26th of May 2023 12:53:31 PM
admin@iut.fr de ::1 à Friday 26th of May 2023 01:02:52 PM
etu1@iut.fr de ::1 à Monday 29th of May 2023 05:40:04 PM
admin@iut.fr de ::1 à Monday 29th of May 2023 05:49:15 PM
etu1@iut.fr de ::1 à Monday 29th of May 2023 06:12:06 PM
admin@iut.fr de ::1 à Monday 29th of May 2023 06:12:15 PM
etu1@iut.fr de ::1 à Tuesday 30th of May 2023 12:56:14 PM
admin@iut.fr de ::1 à Tuesday 30th of May 2023 12:56:25 PM
admin@iut.fr de ::1 à Tuesday 30th of May 2023 01:08:41 PM
etu1@iut.fr de ::1 à Tuesday 30th of May 2023 02:40:07 PM
admin@iut.fr de ::1 à Tuesday 30th of May 2023 02:42:53 PM
etu1@iut.fr de ::1 à Wednesday 31st of May 2023 10:26:51 AM
admin@iut.fr de ::1 à Wednesday 31st of May 2023 10:27:09 AM
etu1@iut.fr de ::1 à Wednesday 31st of May 2023 10:40:30 AM
admin@iut.fr de ::1 à Wednesday 31st of May 2023 10:43:27 AM
etu1@iut.fr de ::1 à Wednesday 31st of May 2023 10:53:44 AM
prof1@iut.fr de ::1 à Wednesday 31st of May 2023 10:53:56 AM
etu1@iut.fr de ::1 à Thursday 1st of June 2023 02:56:07 PM
prof1@iut.fr de ::1 à Thursday 1st of June 2023 02:56:15 PM
admin@iut.fr de ::1 à Thursday 1st of June 2023 02:56:23 PM
etu1@iut.fr de ::1 à Thursday 1st of June 2023 03:05:03 PM
etu2@iut.fr de ::1 à Thursday 1st of June 2023 03:13:23 PM
admin@iut.fr de ::1 à Thursday 1st of June 2023 03:13:32 PM
